<?xml version="1.0" encoding="UTF-8" ?>
<testsuite tests="7" failures="0" name="RationalTest" time="0.006" errors="0" skipped="0">
  <properties>
[...]
</properties>
  <testcase classname="RationalTest" name="testAdd" time="0.006"/>
  <testcase classname="RationalTest" name="testDiv" time="0"/>
  <testcase classname="RationalTest" name="testMul" time="0"/>
  <testcase classname="RationalTest" name="testSub" time="0"/>
  <testcase classname="RationalTest" name="testToString" time="0"/>
  <testcase classname="RationalTest" name="testCompare" time="0"/>
  <testcase classname="RationalTest" name="testEquals" time="0"/>
</testsuite>